{
  "src/math.ts": {
    "path": "src/math.ts",
    "statementMap": {
      "0": { "start": { "line": 1, "column": 0 }, "end": { "line": 1, "column": 40 } },
      "1": { "start": { "line": 2, "column": 2 }, "end": { "line": 2, "column": 30 } },
      "2": { "start": { "line": 3, "column": 2 }, "end": { "line": 3, "column": 22 } },
      "3": { "start": { "line": 4, "column": 2 }, "end": { "line": 4, "column": 18 } },
      "4": { "start": { "line": 5, "column": 0 }, "end": { "line": 5, "column": 44 } },
      "5": { "start": { "line": 6, "column": 2 }, "end": { "line": 6, "column": 28 } },
      "6": { "start": { "line": 7, "column": 4 }, "end": { "line": 7, "column": 20 } },
      "7": { "start": { "line": 8, "column": 2 }, "end": { "line": 8, "column": 26 } },
      "8": { "start": { "line": 9, "column": 4 }, "end": { "line": 9, "column": 20 } },
      "9": { "start": { "line": 10, "column": 2 }, "end": { "line": 10, "column": 16 } }
    },
    "fnMap": {
      "0": {
        "name": "add",
        "decl": { "start": { "line": 1, "column": 16 }, "end": { "line": 1, "column": 19 } },
        "loc": { "start": { "line": 1, "column": 30 }, "end": { "line": 4, "column": 1 } },
        "line": 1
      },
      "1": {
        "name": "clamp",
        "decl": { "start": { "line": 5, "column": 16 }, "end": { "line": 5, "column": 21 } },
        "loc": { "start": { "line": 5, "column": 34 }, "end": { "line": 10, "column": 1 } },
        "line": 5
      }
    },
    "branchMap": {
      "0": {
        "loc": { "start": { "line": 2, "column": 2 }, "end": { "line": 3, "column": 22 } },
        "type": "if",
        "locations": [
          { "start": { "line": 2, "column": 2 }, "end": { "line": 2, "column": 30 } },
          { "start": { "line": 3, "column": 2 }, "end": { "line": 3, "column": 22 } }
        ],
        "line": 2
      },
      "1": {
        "loc": { "start": { "line": 6, "column": 2 }, "end": { "line": 9, "column": 20 } },
        "type": "if",
        "locations": [
          { "start": { "line": 6, "column": 2 }, "end": { "line": 7, "column": 20 } },
          { "start": { "line": 9, "column": 4 }, "end": { "line": 9, "column": 20 } }
        ],
        "line": 6
      }
    },
    "s": { "0": 4, "1": 4, "2": 3, "3": 1, "4": 2, "5": 2, "6": 0, "7": 2, "8": 0, "9": 2 },
    "f": { "0": 4, "1": 2 },
    "b": { "0": [3, 1], "1": [2, 0] }
  },
  "src/util.ts": {
    "path": "src/util.ts",
    "statementMap": {
      "0": { "start": { "line": 1, "column": 0 }, "end": { "line": 1, "column": 42 } },
      "1": { "start": { "line": 2, "column": 2 }, "end": { "line": 2, "column": 24 } },
      "2": { "start": { "line": 3, "column": 2 }, "end": { "line": 3, "column": 20 } },
      "3": { "start": { "line": 4, "column": 2 }, "end": { "line": 4, "column": 18 } },
      "4": { "start": { "line": 5, "column": 0 }, "end": { "line": 5, "column": 12 } }
    },
    "fnMap": {
      "0": {
        "name": "identity",
        "decl": { "start": { "line": 1, "column": 16 }, "end": { "line": 1, "column": 24 } },
        "loc": { "start": { "line": 1, "column": 32 }, "end": { "line": 5, "column": 1 } },
        "line": 1
      }
    },
    "branchMap": {},
    "s": { "0": 6, "1": 6, "2": 6, "3": 6, "4": 6 },
    "f": { "0": 6 },
    "b": {}
  }
}
