<?xml version="1.0" encoding="UTF-8"?>
<coverage generated="1781159714766" clover="3.2.0">
  <project timestamp="1781159714766" name="All files">
    <metrics statements="99" coveredstatements="99" conditionals="98" coveredconditionals="90" methods="20" coveredmethods="20" elements="217" coveredelements="209" complexity="0" loc="99" ncloc="99" packages="1" files="5" classes="5"/>
    <file name="compareCoverage.ts" path="/Users/subhashmahimaluri/projects/vite-pr-coverage-insight/packages/core/src/compareCoverage.ts">
      <metrics statements="29" coveredstatements="29" conditionals="46" coveredconditionals="44" methods="9" coveredmethods="9"/>
      <line num="4" count="17" type="stmt"/>
      <line num="5" count="17" type="stmt"/>
      <line num="11" count="17" type="stmt"/>
      <line num="12" count="43" type="cond" truecount="2" falsecount="0"/>
      <line num="13" count="44" type="cond" truecount="2" falsecount="0"/>
      <line num="16" count="17" type="stmt"/>
      <line num="18" count="30" type="cond" truecount="1" falsecount="1"/>
      <line num="21" count="30" type="cond" truecount="2" falsecount="0"/>
      <line num="24" count="30" type="stmt"/>
      <line num="25" count="30" type="cond" truecount="2" falsecount="0"/>
      <line num="26" count="6" type="stmt"/>
      <line num="27" count="30" type="cond" truecount="1" falsecount="1"/>
      <line num="28" count="30" type="stmt"/>
      <line num="33" count="30" type="cond" truecount="2" falsecount="0"/>
      <line num="35" count="14" type="stmt"/>
      <line num="37" count="4" type="cond" truecount="2" falsecount="0"/>
      <line num="38" count="3" type="stmt"/>
      <line num="49" count="26" type="cond" truecount="4" falsecount="0"/>
      <line num="51" count="23" type="stmt"/>
      <line num="83" count="47" type="stmt"/>
      <line num="85" count="23" type="cond" truecount="2" falsecount="0"/>
      <line num="86" count="15" type="stmt"/>
      <line num="95" count="17" type="stmt"/>
      <line num="99" count="16" type="stmt"/>
      <line num="101" count="16" type="stmt"/>
      <line num="102" count="64" type="cond" truecount="2" falsecount="0"/>
      <line num="103" count="64" type="cond" truecount="2" falsecount="0"/>
      <line num="104" count="64" type="stmt"/>
      <line num="106" count="64" type="stmt"/>
    </file>
    <file name="formatMarkdown.ts" path="/Users/subhashmahimaluri/projects/vite-pr-coverage-insight/packages/core/src/formatMarkdown.ts">
      <metrics statements="60" coveredstatements="60" conditionals="44" coveredconditionals="38" methods="9" coveredmethods="9"/>
      <line num="17" count="24" type="stmt"/>
      <line num="19" count="24" type="stmt"/>
      <line num="21" count="70" type="cond" truecount="2" falsecount="0"/>
      <line num="24" count="24" type="stmt"/>
      <line num="27" count="24" type="stmt"/>
      <line num="29" count="24" type="cond" truecount="1" falsecount="1"/>
      <line num="30" count="24" type="cond" truecount="1" falsecount="1"/>
      <line num="32" count="24" type="cond" truecount="4" falsecount="0"/>
      <line num="33" count="14" type="stmt"/>
      <line num="36" count="14" type="cond" truecount="2" falsecount="0"/>
      <line num="37" count="4" type="stmt"/>
      <line num="38" count="4" type="stmt"/>
      <line num="39" count="4" type="stmt"/>
      <line num="41" count="4" type="stmt"/>
      <line num="42" count="4" type="cond" truecount="2" falsecount="0"/>
      <line num="46" count="4" type="cond" truecount="1" falsecount="1"/>
      <line num="47" count="4" type="cond" truecount="2" falsecount="0"/>
      <line num="51" count="4" type="stmt"/>
      <line num="54" count="4" type="stmt"/>
      <line num="58" count="14" type="cond" truecount="2" falsecount="0"/>
      <line num="59" count="10" type="stmt"/>
      <line num="60" count="10" type="stmt"/>
      <line num="61" count="10" type="stmt"/>
      <line num="63" count="10" type="stmt"/>
      <line num="64" count="14" type="cond" truecount="2" falsecount="0"/>
      <line num="68" count="14" type="cond" truecount="1" falsecount="1"/>
      <line num="69" count="14" type="cond" truecount="2" falsecount="0"/>
      <line num="73" count="14" type="stmt"/>
      <line num="77" count="14" type="stmt"/>
      <line num="81" count="24" type="stmt"/>
      <line num="82" count="24" type="cond" truecount="4" falsecount="0"/>
      <line num="83" count="6" type="stmt"/>
      <line num="86" count="6" type="stmt"/>
      <line num="87" count="6" type="stmt"/>
      <line num="90" count="6" type="stmt"/>
      <line num="91" count="12" type="cond" truecount="1" falsecount="1"/>
      <line num="92" count="12" type="stmt"/>
      <line num="95" count="6" type="stmt"/>
      <line num="98" count="24" type="stmt"/>
      <line num="99" count="24" type="cond" truecount="2" falsecount="0"/>
      <line num="100" count="4" type="stmt"/>
      <line num="103" count="24" type="stmt"/>
      <line num="112" count="9" type="cond" truecount="1" falsecount="1"/>
      <line num="115" count="35" type="stmt"/>
      <line num="118" count="9" type="stmt"/>
      <line num="119" count="9" type="stmt"/>
      <line num="120" count="9" type="stmt"/>
      <line num="122" count="9" type="stmt"/>
      <line num="123" count="23" type="cond" truecount="2" falsecount="0"/>
      <line num="124" count="15" type="stmt"/>
      <line num="126" count="8" type="cond" truecount="2" falsecount="0"/>
      <line num="127" count="1" type="stmt"/>
      <line num="129" count="7" type="stmt"/>
      <line num="131" count="8" type="stmt"/>
      <line num="136" count="9" type="cond" truecount="2" falsecount="0"/>
      <line num="137" count="6" type="stmt"/>
      <line num="139" count="3" type="stmt"/>
      <line num="143" count="9" type="cond" truecount="2" falsecount="0"/>
      <line num="144" count="7" type="stmt"/>
      <line num="146" count="2" type="stmt"/>
    </file>
    <file name="generateReport.ts" path="/Users/subhashmahimaluri/projects/vite-pr-coverage-insight/packages/core/src/generateReport.ts">
      <metrics statements="10" coveredstatements="10" conditionals="8" coveredconditionals="8" methods="2" coveredmethods="2"/>
      <line num="21" count="13" type="stmt"/>
      <line num="22" count="13" type="stmt"/>
      <line num="23" count="13" type="cond" truecount="2" falsecount="0"/>
      <line num="25" count="13" type="cond" truecount="4" falsecount="0"/>
      <line num="27" count="11" type="stmt"/>
      <line num="30" count="11" type="stmt"/>
      <line num="32" count="2" type="stmt"/>
      <line num="34" count="2" type="cond" truecount="2" falsecount="0"/>
      <line num="35" count="4" type="stmt"/>
      <line num="47" count="13" type="stmt"/>
    </file>
    <file name="index.ts" path="/Users/subhashmahimaluri/projects/vite-pr-coverage-insight/packages/core/src/index.ts">
      <metrics statements="0" coveredstatements="0" conditionals="0" coveredconditionals="0" methods="0" coveredmethods="0"/>
    </file>
    <file name="types.ts" path="/Users/subhashmahimaluri/projects/vite-pr-coverage-insight/packages/core/src/types.ts">
      <metrics statements="0" coveredstatements="0" conditionals="0" coveredconditionals="0" methods="0" coveredmethods="0"/>
    </file>
  </project>
</coverage>
