{"/Users/subhashmahimaluri/projects/vite-pr-coverage-insight/packages/core/src/compareCoverage.ts": {"path":"/Users/subhashmahimaluri/projects/vite-pr-coverage-insight/packages/core/src/compareCoverage.ts","statementMap":{"0":{"start":{"line":4,"column":18},"end":{"line":4,"column":null}},"1":{"start":{"line":5,"column":37},"end":{"line":8,"column":null}},"2":{"start":{"line":11,"column":19},"end":{"line":11,"column":null}},"3":{"start":{"line":12,"column":2},"end":{"line":12,"column":null}},"4":{"start":{"line":12,"column":35},"end":{"line":12,"column":71}},"5":{"start":{"line":13,"column":2},"end":{"line":13,"column":null}},"6":{"start":{"line":13,"column":33},"end":{"line":13,"column":69}},"7":{"start":{"line":16,"column":2},"end":{"line":93,"column":null}},"8":{"start":{"line":18,"column":4},"end":{"line":18,"column":null}},"9":{"start":{"line":18,"column":26},"end":{"line":18,"column":null}},"10":{"start":{"line":21,"column":22},"end":{"line":21,"column":null}},"11":{"start":{"line":24,"column":37},"end":{"line":24,"column":null}},"12":{"start":{"line":25,"column":4},"end":{"line":31,"column":null}},"13":{"start":{"line":26,"column":6},"end":{"line":30,"column":null}},"14":{"start":{"line":27,"column":8},"end":{"line":29,"column":null}},"15":{"start":{"line":28,"column":10},"end":{"line":28,"column":null}},"16":{"start":{"line":33,"column":4},"end":{"line":92,"column":null}},"17":{"start":{"line":35,"column":30},"end":{"line":35,"column":null}},"18":{"start":{"line":35,"column":54},"end":{"line":35,"column":82}},"19":{"start":{"line":37,"column":6},"end":{"line":48,"column":null}},"20":{"start":{"line":38,"column":8},"end":{"line":47,"column":null}},"21":{"start":{"line":49,"column":11},"end":{"line":92,"column":null}},"22":{"start":{"line":51,"column":26},"end":{"line":80,"column":null}},"23":{"start":{"line":83,"column":25},"end":{"line":83,"column":null}},"24":{"start":{"line":83,"column":62},"end":{"line":83,"column":75}},"25":{"start":{"line":85,"column":6},"end":{"line":91,"column":null}},"26":{"start":{"line":86,"column":8},"end":{"line":90,"column":null}},"27":{"start":{"line":95,"column":2},"end":{"line":95,"column":null}},"28":{"start":{"line":99,"column":18},"end":{"line":99,"column":null}},"29":{"start":{"line":101,"column":2},"end":{"line":113,"column":null}},"30":{"start":{"line":102,"column":20},"end":{"line":102,"column":null}},"31":{"start":{"line":103,"column":18},"end":{"line":103,"column":null}},"32":{"start":{"line":104,"column":18},"end":{"line":104,"column":null}},"33":{"start":{"line":106,"column":4},"end":{"line":112,"column":null}}},"fnMap":{"0":{"name":"compareFileCoverage","decl":{"start":{"line":3,"column":16},"end":{"line":3,"column":36}},"loc":{"start":{"line":3,"column":100},"end":{"line":96,"column":null}},"line":3},"1":{"name":"(anonymous_1)","decl":{"start":{"line":12,"column":20},"end":{"line":12,"column":28}},"loc":{"start":{"line":12,"column":35},"end":{"line":12,"column":71}},"line":12},"2":{"name":"(anonymous_2)","decl":{"start":{"line":13,"column":18},"end":{"line":13,"column":26}},"loc":{"start":{"line":13,"column":33},"end":{"line":13,"column":69}},"line":13},"3":{"name":"(anonymous_3)","decl":{"start":{"line":16,"column":11},"end":{"line":16,"column":19}},"loc":{"start":{"line":16,"column":27},"end":{"line":93,"column":3}},"line":16},"4":{"name":"(anonymous_4)","decl":{"start":{"line":26,"column":29},"end":{"line":26,"column":37}},"loc":{"start":{"line":26,"column":47},"end":{"line":30,"column":7}},"line":26},"5":{"name":"(anonymous_5)","decl":{"start":{"line":35,"column":38},"end":{"line":35,"column":44}},"loc":{"start":{"line":35,"column":54},"end":{"line":35,"column":82}},"line":35},"6":{"name":"(anonymous_6)","decl":{"start":{"line":83,"column":52},"end":{"line":83,"column":57}},"loc":{"start":{"line":83,"column":62},"end":{"line":83,"column":75}},"line":83},"7":{"name":"compareCoverage","decl":{"start":{"line":98,"column":16},"end":{"line":98,"column":32}},"loc":{"start":{"line":98,"column":76},"end":{"line":114,"column":null}},"line":98},"8":{"name":"(anonymous_8)","decl":{"start":{"line":101,"column":17},"end":{"line":101,"column":22}},"loc":{"start":{"line":101,"column":33},"end":{"line":113,"column":3}},"line":101}},"branchMap":{"0":{"loc":{"start":{"line":12,"column":35},"end":{"line":12,"column":71}},"type":"binary-expr","locations":[{"start":{"line":12,"column":35},"end":{"line":12,"column":54}},{"start":{"line":12,"column":54},"end":{"line":12,"column":71}}],"line":12},"1":{"loc":{"start":{"line":13,"column":33},"end":{"line":13,"column":69}},"type":"binary-expr","locations":[{"start":{"line":13,"column":33},"end":{"line":13,"column":52}},{"start":{"line":13,"column":52},"end":{"line":13,"column":69}}],"line":13},"2":{"loc":{"start":{"line":18,"column":4},"end":{"line":18,"column":null}},"type":"if","locations":[{"start":{"line":18,"column":4},"end":{"line":18,"column":null}},{"start":{},"end":{}}],"line":18},"3":{"loc":{"start":{"line":21,"column":22},"end":{"line":21,"column":null}},"type":"binary-expr","locations":[{"start":{"line":21,"column":22},"end":{"line":21,"column":34}},{"start":{"line":21,"column":34},"end":{"line":21,"column":null}}],"line":21},"4":{"loc":{"start":{"line":25,"column":4},"end":{"line":31,"column":null}},"type":"if","locations":[{"start":{"line":25,"column":4},"end":{"line":31,"column":null}},{"start":{},"end":{}}],"line":25},"5":{"loc":{"start":{"line":27,"column":8},"end":{"line":29,"column":null}},"type":"if","locations":[{"start":{"line":27,"column":8},"end":{"line":29,"column":null}},{"start":{},"end":{}}],"line":27},"6":{"loc":{"start":{"line":33,"column":4},"end":{"line":92,"column":null}},"type":"if","locations":[{"start":{"line":33,"column":4},"end":{"line":92,"column":null}},{"start":{"line":49,"column":11},"end":{"line":92,"column":null}}],"line":33},"7":{"loc":{"start":{"line":37,"column":6},"end":{"line":48,"column":null}},"type":"if","locations":[{"start":{"line":37,"column":6},"end":{"line":48,"column":null}},{"start":{},"end":{}}],"line":37},"8":{"loc":{"start":{"line":49,"column":11},"end":{"line":92,"column":null}},"type":"if","locations":[{"start":{"line":49,"column":11},"end":{"line":92,"column":null}},{"start":{},"end":{}}],"line":49},"9":{"loc":{"start":{"line":49,"column":15},"end":{"line":49,"column":39}},"type":"binary-expr","locations":[{"start":{"line":49,"column":15},"end":{"line":49,"column":29}},{"start":{"line":49,"column":29},"end":{"line":49,"column":39}}],"line":49},"10":{"loc":{"start":{"line":56,"column":18},"end":{"line":57,"column":null}},"type":"cond-expr","locations":[{"start":{"line":56,"column":68},"end":{"line":56,"column":null}},{"start":{"line":57,"column":17},"end":{"line":57,"column":null}}],"line":56},"11":{"loc":{"start":{"line":57,"column":17},"end":{"line":57,"column":null}},"type":"cond-expr","locations":[{"start":{"line":57,"column":67},"end":{"line":57,"column":74}},{"start":{"line":57,"column":74},"end":{"line":57,"column":null}}],"line":57},"12":{"loc":{"start":{"line":63,"column":18},"end":{"line":64,"column":null}},"type":"cond-expr","locations":[{"start":{"line":63,"column":70},"end":{"line":63,"column":null}},{"start":{"line":64,"column":17},"end":{"line":64,"column":null}}],"line":63},"13":{"loc":{"start":{"line":64,"column":17},"end":{"line":64,"column":null}},"type":"cond-expr","locations":[{"start":{"line":64,"column":69},"end":{"line":64,"column":76}},{"start":{"line":64,"column":76},"end":{"line":64,"column":null}}],"line":64},"14":{"loc":{"start":{"line":70,"column":18},"end":{"line":71,"column":null}},"type":"cond-expr","locations":[{"start":{"line":70,"column":62},"end":{"line":70,"column":null}},{"start":{"line":71,"column":17},"end":{"line":71,"column":null}}],"line":70},"15":{"loc":{"start":{"line":71,"column":17},"end":{"line":71,"column":null}},"type":"cond-expr","locations":[{"start":{"line":71,"column":61},"end":{"line":71,"column":68}},{"start":{"line":71,"column":68},"end":{"line":71,"column":null}}],"line":71},"16":{"loc":{"start":{"line":77,"column":18},"end":{"line":78,"column":null}},"type":"cond-expr","locations":[{"start":{"line":77,"column":72},"end":{"line":77,"column":null}},{"start":{"line":78,"column":17},"end":{"line":78,"column":null}}],"line":77},"17":{"loc":{"start":{"line":78,"column":17},"end":{"line":78,"column":null}},"type":"cond-expr","locations":[{"start":{"line":78,"column":71},"end":{"line":78,"column":78}},{"start":{"line":78,"column":78},"end":{"line":78,"column":null}}],"line":78},"18":{"loc":{"start":{"line":85,"column":6},"end":{"line":91,"column":null}},"type":"if","locations":[{"start":{"line":85,"column":6},"end":{"line":91,"column":null}},{"start":{},"end":{}}],"line":85},"19":{"loc":{"start":{"line":102,"column":20},"end":{"line":102,"column":null}},"type":"binary-expr","locations":[{"start":{"line":102,"column":20},"end":{"line":102,"column":46}},{"start":{"line":102,"column":46},"end":{"line":102,"column":null}}],"line":102},"20":{"loc":{"start":{"line":103,"column":18},"end":{"line":103,"column":null}},"type":"binary-expr","locations":[{"start":{"line":103,"column":18},"end":{"line":103,"column":42}},{"start":{"line":103,"column":42},"end":{"line":103,"column":null}}],"line":103},"21":{"loc":{"start":{"line":111,"column":14},"end":{"line":111,"column":null}},"type":"cond-expr","locations":[{"start":{"line":111,"column":26},"end":{"line":111,"column":33}},{"start":{"line":111,"column":33},"end":{"line":111,"column":null}}],"line":111},"22":{"loc":{"start":{"line":111,"column":33},"end":{"line":111,"column":null}},"type":"cond-expr","locations":[{"start":{"line":111,"column":45},"end":{"line":111,"column":52}},{"start":{"line":111,"column":52},"end":{"line":111,"column":null}}],"line":111}},"s":{"0":17,"1":17,"2":17,"3":17,"4":43,"5":17,"6":44,"7":17,"8":30,"9":0,"10":30,"11":30,"12":30,"13":6,"14":30,"15":30,"16":30,"17":4,"18":14,"19":4,"20":3,"21":26,"22":23,"23":23,"24":47,"25":23,"26":15,"27":17,"28":16,"29":16,"30":64,"31":64,"32":64,"33":64},"f":{"0":17,"1":43,"2":44,"3":30,"4":30,"5":14,"6":47,"7":16,"8":64},"b":{"0":[43,26],"1":[44,27],"2":[0,30],"3":[30,27],"4":[6,24],"5":[30,0],"6":[4,26],"7":[3,1],"8":[23,3],"9":[26,26],"10":[9,14],"11":[6,8],"12":[9,14],"13":[6,8],"14":[9,14],"15":[6,8],"16":[9,14],"17":[6,8],"18":[15,8],"19":[64,1],"20":[64,1],"21":[28,36],"22":[16,20]},"meta":{"lastBranch":23,"lastFunction":9,"lastStatement":34,"seen":{"f:3:16:3:36":0,"s:4:18:4:Infinity":0,"s:5:37:8:Infinity":1,"s:11:19:11:Infinity":2,"s:12:2:12:Infinity":3,"f:12:20:12:28":1,"s:12:35:12:71":4,"b:12:35:12:54:12:54:12:71":0,"s:13:2:13:Infinity":5,"f:13:18:13:26":2,"s:13:33:13:69":6,"b:13:33:13:52:13:52:13:69":1,"s:16:2:93:Infinity":7,"f:16:11:16:19":3,"b:18:4:18:Infinity:undefined:undefined:undefined:undefined":2,"s:18:4:18:Infinity":8,"s:18:26:18:Infinity":9,"s:21:22:21:Infinity":10,"b:21:22:21:34:21:34:21:Infinity":3,"s:24:37:24:Infinity":11,"b:25:4:31:Infinity:undefined:undefined:undefined:undefined":4,"s:25:4:31:Infinity":12,"s:26:6:30:Infinity":13,"f:26:29:26:37":4,"b:27:8:29:Infinity:undefined:undefined:undefined:undefined":5,"s:27:8:29:Infinity":14,"s:28:10:28:Infinity":15,"b:33:4:92:Infinity:49:11:92:Infinity":6,"s:33:4:92:Infinity":16,"s:35:30:35:Infinity":17,"f:35:38:35:44":5,"s:35:54:35:82":18,"b:37:6:48:Infinity:undefined:undefined:undefined:undefined":7,"s:37:6:48:Infinity":19,"s:38:8:47:Infinity":20,"b:49:11:92:Infinity:undefined:undefined:undefined:undefined":8,"s:49:11:92:Infinity":21,"b:49:15:49:29:49:29:49:39":9,"s:51:26:80:Infinity":22,"b:56:68:56:Infinity:57:17:57:Infinity":10,"b:57:67:57:74:57:74:57:Infinity":11,"b:63:70:63:Infinity:64:17:64:Infinity":12,"b:64:69:64:76:64:76:64:Infinity":13,"b:70:62:70:Infinity:71:17:71:Infinity":14,"b:71:61:71:68:71:68:71:Infinity":15,"b:77:72:77:Infinity:78:17:78:Infinity":16,"b:78:71:78:78:78:78:78:Infinity":17,"s:83:25:83:Infinity":23,"f:83:52:83:57":6,"s:83:62:83:75":24,"b:85:6:91:Infinity:undefined:undefined:undefined:undefined":18,"s:85:6:91:Infinity":25,"s:86:8:90:Infinity":26,"s:95:2:95:Infinity":27,"f:98:16:98:32":7,"s:99:18:99:Infinity":28,"s:101:2:113:Infinity":29,"f:101:17:101:22":8,"s:102:20:102:Infinity":30,"b:102:20:102:46:102:46:102:Infinity":19,"s:103:18:103:Infinity":31,"b:103:18:103:42:103:42:103:Infinity":20,"s:104:18:104:Infinity":32,"s:106:4:112:Infinity":33,"b:111:26:111:33:111:33:111:Infinity":21,"b:111:45:111:52:111:52:111:Infinity":22},"fnNames":{}}}
,"/Users/subhashmahimaluri/projects/vite-pr-coverage-insight/packages/core/src/formatMarkdown.ts": {"path":"/Users/subhashmahimaluri/projects/vite-pr-coverage-insight/packages/core/src/formatMarkdown.ts","statementMap":{"0":{"start":{"line":17,"column":19},"end":{"line":17,"column":null}},"1":{"start":{"line":19,"column":18},"end":{"line":22,"column":null}},"2":{"start":{"line":21,"column":8},"end":{"line":21,"column":null}},"3":{"start":{"line":24,"column":22},"end":{"line":24,"column":null}},"4":{"start":{"line":27,"column":29},"end":{"line":27,"column":null}},"5":{"start":{"line":29,"column":24},"end":{"line":29,"column":null}},"6":{"start":{"line":29,"column":51},"end":{"line":29,"column":68}},"7":{"start":{"line":30,"column":29},"end":{"line":30,"column":null}},"8":{"start":{"line":30,"column":56},"end":{"line":30,"column":78}},"9":{"start":{"line":32,"column":4},"end":{"line":78,"column":null}},"10":{"start":{"line":33,"column":6},"end":{"line":33,"column":null}},"11":{"start":{"line":36,"column":6},"end":{"line":55,"column":null}},"12":{"start":{"line":37,"column":8},"end":{"line":37,"column":null}},"13":{"start":{"line":38,"column":8},"end":{"line":38,"column":null}},"14":{"start":{"line":39,"column":8},"end":{"line":39,"column":null}},"15":{"start":{"line":41,"column":8},"end":{"line":52,"column":null}},"16":{"start":{"line":42,"column":37},"end":{"line":44,"column":null}},"17":{"start":{"line":46,"column":27},"end":{"line":46,"column":null}},"18":{"start":{"line":47,"column":27},"end":{"line":49,"column":null}},"19":{"start":{"line":51,"column":10},"end":{"line":51,"column":null}},"20":{"start":{"line":54,"column":8},"end":{"line":54,"column":null}},"21":{"start":{"line":58,"column":6},"end":{"line":75,"column":null}},"22":{"start":{"line":59,"column":8},"end":{"line":59,"column":null}},"23":{"start":{"line":60,"column":8},"end":{"line":60,"column":null}},"24":{"start":{"line":61,"column":8},"end":{"line":61,"column":null}},"25":{"start":{"line":63,"column":8},"end":{"line":74,"column":null}},"26":{"start":{"line":64,"column":37},"end":{"line":66,"column":null}},"27":{"start":{"line":68,"column":27},"end":{"line":68,"column":null}},"28":{"start":{"line":69,"column":27},"end":{"line":71,"column":null}},"29":{"start":{"line":73,"column":10},"end":{"line":73,"column":null}},"30":{"start":{"line":77,"column":6},"end":{"line":77,"column":null}},"31":{"start":{"line":81,"column":30},"end":{"line":81,"column":null}},"32":{"start":{"line":82,"column":4},"end":{"line":96,"column":null}},"33":{"start":{"line":83,"column":6},"end":{"line":83,"column":null}},"34":{"start":{"line":86,"column":6},"end":{"line":86,"column":null}},"35":{"start":{"line":87,"column":6},"end":{"line":87,"column":null}},"36":{"start":{"line":90,"column":6},"end":{"line":93,"column":null}},"37":{"start":{"line":91,"column":25},"end":{"line":91,"column":null}},"38":{"start":{"line":92,"column":8},"end":{"line":92,"column":null}},"39":{"start":{"line":95,"column":6},"end":{"line":95,"column":null}},"40":{"start":{"line":98,"column":22},"end":{"line":98,"column":null}},"41":{"start":{"line":99,"column":4},"end":{"line":101,"column":null}},"42":{"start":{"line":100,"column":6},"end":{"line":100,"column":null}},"43":{"start":{"line":103,"column":4},"end":{"line":103,"column":null}},"44":{"start":{"line":112,"column":2},"end":{"line":112,"column":null}},"45":{"start":{"line":112,"column":26},"end":{"line":112,"column":null}},"46":{"start":{"line":115,"column":2},"end":{"line":115,"column":null}},"47":{"start":{"line":115,"column":23},"end":{"line":115,"column":28}},"48":{"start":{"line":118,"column":27},"end":{"line":118,"column":null}},"49":{"start":{"line":119,"column":19},"end":{"line":119,"column":null}},"50":{"start":{"line":120,"column":17},"end":{"line":120,"column":null}},"51":{"start":{"line":122,"column":2},"end":{"line":133,"column":null}},"52":{"start":{"line":122,"column":15},"end":{"line":122,"column":18}},"53":{"start":{"line":123,"column":4},"end":{"line":132,"column":null}},"54":{"start":{"line":124,"column":6},"end":{"line":124,"column":null}},"55":{"start":{"line":126,"column":6},"end":{"line":130,"column":null}},"56":{"start":{"line":127,"column":8},"end":{"line":127,"column":null}},"57":{"start":{"line":129,"column":8},"end":{"line":129,"column":null}},"58":{"start":{"line":131,"column":6},"end":{"line":131,"column":null}},"59":{"start":{"line":136,"column":2},"end":{"line":140,"column":null}},"60":{"start":{"line":137,"column":4},"end":{"line":137,"column":null}},"61":{"start":{"line":139,"column":4},"end":{"line":139,"column":null}},"62":{"start":{"line":143,"column":2},"end":{"line":147,"column":null}},"63":{"start":{"line":144,"column":4},"end":{"line":144,"column":null}},"64":{"start":{"line":146,"column":4},"end":{"line":146,"column":null}}},"fnMap":{"0":{"name":"formatCoverageMarkdown","decl":{"start":{"line":3,"column":16},"end":{"line":3,"column":null}},"loc":{"start":{"line":15,"column":12},"end":{"line":104,"column":null}},"line":15},"1":{"name":"(anonymous_1)","decl":{"start":{"line":19,"column":23},"end":{"line":19,"column":null}},"loc":{"start":{"line":21,"column":8},"end":{"line":21,"column":null}},"line":21},"2":{"name":"(anonymous_2)","decl":{"start":{"line":29,"column":37},"end":{"line":29,"column":45}},"loc":{"start":{"line":29,"column":51},"end":{"line":29,"column":68}},"line":29},"3":{"name":"(anonymous_3)","decl":{"start":{"line":30,"column":42},"end":{"line":30,"column":50}},"loc":{"start":{"line":30,"column":56},"end":{"line":30,"column":78}},"line":30},"4":{"name":"(anonymous_4)","decl":{"start":{"line":41,"column":20},"end":{"line":41,"column":29}},"loc":{"start":{"line":41,"column":38},"end":{"line":52,"column":9}},"line":41},"5":{"name":"(anonymous_5)","decl":{"start":{"line":63,"column":25},"end":{"line":63,"column":34}},"loc":{"start":{"line":63,"column":43},"end":{"line":74,"column":9}},"line":63},"6":{"name":"(anonymous_6)","decl":{"start":{"line":90,"column":31},"end":{"line":90,"column":39}},"loc":{"start":{"line":90,"column":50},"end":{"line":93,"column":7}},"line":90},"7":{"name":"formatUncoveredLines","decl":{"start":{"line":107,"column":9},"end":{"line":107,"column":null}},"loc":{"start":{"line":111,"column":10},"end":{"line":148,"column":null}},"line":111},"8":{"name":"(anonymous_8)","decl":{"start":{"line":115,"column":8},"end":{"line":115,"column":14}},"loc":{"start":{"line":115,"column":23},"end":{"line":115,"column":28}},"line":115}},"branchMap":{"0":{"loc":{"start":{"line":21,"column":67},"end":{"line":21,"column":91}},"type":"cond-expr","locations":[{"start":{"line":21,"column":80},"end":{"line":21,"column":86}},{"start":{"line":21,"column":86},"end":{"line":21,"column":91}}],"line":21},"1":{"loc":{"start":{"line":29,"column":51},"end":{"line":29,"column":68}},"type":"binary-expr","locations":[{"start":{"line":29,"column":51},"end":{"line":29,"column":66}},{"start":{"line":29,"column":66},"end":{"line":29,"column":68}}],"line":29},"2":{"loc":{"start":{"line":30,"column":56},"end":{"line":30,"column":78}},"type":"binary-expr","locations":[{"start":{"line":30,"column":56},"end":{"line":30,"column":76}},{"start":{"line":30,"column":76},"end":{"line":30,"column":78}}],"line":30},"3":{"loc":{"start":{"line":32,"column":4},"end":{"line":78,"column":null}},"type":"if","locations":[{"start":{"line":32,"column":4},"end":{"line":78,"column":null}},{"start":{},"end":{}}],"line":32},"4":{"loc":{"start":{"line":32,"column":8},"end":{"line":32,"column":63}},"type":"binary-expr","locations":[{"start":{"line":32,"column":8},"end":{"line":32,"column":34}},{"start":{"line":32,"column":34},"end":{"line":32,"column":63}}],"line":32},"5":{"loc":{"start":{"line":36,"column":6},"end":{"line":55,"column":null}},"type":"if","locations":[{"start":{"line":36,"column":6},"end":{"line":55,"column":null}},{"start":{},"end":{}}],"line":36},"6":{"loc":{"start":{"line":42,"column":37},"end":{"line":44,"column":null}},"type":"cond-expr","locations":[{"start":{"line":43,"column":14},"end":{"line":43,"column":null}},{"start":{"line":44,"column":14},"end":{"line":44,"column":null}}],"line":42},"7":{"loc":{"start":{"line":46,"column":27},"end":{"line":46,"column":null}},"type":"binary-expr","locations":[{"start":{"line":46,"column":27},"end":{"line":46,"column":57}},{"start":{"line":46,"column":57},"end":{"line":46,"column":null}}],"line":46},"8":{"loc":{"start":{"line":47,"column":27},"end":{"line":49,"column":null}},"type":"cond-expr","locations":[{"start":{"line":48,"column":14},"end":{"line":48,"column":null}},{"start":{"line":49,"column":14},"end":{"line":49,"column":null}}],"line":47},"9":{"loc":{"start":{"line":58,"column":6},"end":{"line":75,"column":null}},"type":"if","locations":[{"start":{"line":58,"column":6},"end":{"line":75,"column":null}},{"start":{},"end":{}}],"line":58},"10":{"loc":{"start":{"line":64,"column":37},"end":{"line":66,"column":null}},"type":"cond-expr","locations":[{"start":{"line":65,"column":14},"end":{"line":65,"column":null}},{"start":{"line":66,"column":14},"end":{"line":66,"column":null}}],"line":64},"11":{"loc":{"start":{"line":68,"column":27},"end":{"line":68,"column":null}},"type":"binary-expr","locations":[{"start":{"line":68,"column":27},"end":{"line":68,"column":57}},{"start":{"line":68,"column":57},"end":{"line":68,"column":null}}],"line":68},"12":{"loc":{"start":{"line":69,"column":27},"end":{"line":71,"column":null}},"type":"cond-expr","locations":[{"start":{"line":70,"column":14},"end":{"line":70,"column":null}},{"start":{"line":71,"column":14},"end":{"line":71,"column":null}}],"line":69},"13":{"loc":{"start":{"line":82,"column":4},"end":{"line":96,"column":null}},"type":"if","locations":[{"start":{"line":82,"column":4},"end":{"line":96,"column":null}},{"start":{},"end":{}}],"line":82},"14":{"loc":{"start":{"line":82,"column":8},"end":{"line":82,"column":57}},"type":"binary-expr","locations":[{"start":{"line":82,"column":8},"end":{"line":82,"column":24}},{"start":{"line":82,"column":24},"end":{"line":82,"column":57}}],"line":82},"15":{"loc":{"start":{"line":91,"column":25},"end":{"line":91,"column":null}},"type":"binary-expr","locations":[{"start":{"line":91,"column":25},"end":{"line":91,"column":62}},{"start":{"line":91,"column":62},"end":{"line":91,"column":null}}],"line":91},"16":{"loc":{"start":{"line":99,"column":4},"end":{"line":101,"column":null}},"type":"if","locations":[{"start":{"line":99,"column":4},"end":{"line":101,"column":null}},{"start":{},"end":{}}],"line":99},"17":{"loc":{"start":{"line":112,"column":2},"end":{"line":112,"column":null}},"type":"if","locations":[{"start":{"line":112,"column":2},"end":{"line":112,"column":null}},{"start":{},"end":{}}],"line":112},"18":{"loc":{"start":{"line":123,"column":4},"end":{"line":132,"column":null}},"type":"if","locations":[{"start":{"line":123,"column":4},"end":{"line":132,"column":null}},{"start":{"line":125,"column":11},"end":{"line":132,"column":null}}],"line":123},"19":{"loc":{"start":{"line":126,"column":6},"end":{"line":130,"column":null}},"type":"if","locations":[{"start":{"line":126,"column":6},"end":{"line":130,"column":null}},{"start":{"line":128,"column":13},"end":{"line":130,"column":null}}],"line":126},"20":{"loc":{"start":{"line":136,"column":2},"end":{"line":140,"column":null}},"type":"if","locations":[{"start":{"line":136,"column":2},"end":{"line":140,"column":null}},{"start":{"line":138,"column":9},"end":{"line":140,"column":null}}],"line":136},"21":{"loc":{"start":{"line":143,"column":2},"end":{"line":147,"column":null}},"type":"if","locations":[{"start":{"line":143,"column":2},"end":{"line":147,"column":null}},{"start":{"line":145,"column":9},"end":{"line":147,"column":null}}],"line":143}},"s":{"0":24,"1":24,"2":70,"3":24,"4":24,"5":24,"6":17,"7":24,"8":17,"9":24,"10":14,"11":14,"12":4,"13":4,"14":4,"15":4,"16":4,"17":4,"18":4,"19":4,"20":4,"21":14,"22":10,"23":10,"24":10,"25":10,"26":14,"27":14,"28":14,"29":14,"30":14,"31":24,"32":24,"33":6,"34":6,"35":6,"36":6,"37":12,"38":12,"39":6,"40":24,"41":24,"42":4,"43":24,"44":9,"45":0,"46":9,"47":35,"48":9,"49":9,"50":9,"51":9,"52":9,"53":23,"54":15,"55":8,"56":1,"57":7,"58":8,"59":9,"60":6,"61":3,"62":9,"63":7,"64":2},"f":{"0":24,"1":70,"2":17,"3":17,"4":4,"5":14,"6":12,"7":9,"8":35},"b":{"0":[51,19],"1":[17,0],"2":[17,0],"3":[14,10],"4":[24,20],"5":[4,10],"6":[2,2],"7":[4,0],"8":[3,1],"9":[10,4],"10":[7,7],"11":[14,0],"12":[13,1],"13":[6,18],"14":[24,7],"15":[12,0],"16":[4,20],"17":[0,9],"18":[15,8],"19":[1,7],"20":[6,3],"21":[7,2]},"meta":{"lastBranch":22,"lastFunction":9,"lastStatement":65,"seen":{"f:3:16:3:Infinity":0,"s:17:19:17:Infinity":0,"s:19:18:22:Infinity":1,"f:19:23:19:Infinity":1,"s:21:8:21:Infinity":2,"b:21:80:21:86:21:86:21:91":0,"s:24:22:24:Infinity":3,"s:27:29:27:Infinity":4,"s:29:24:29:Infinity":5,"f:29:37:29:45":2,"s:29:51:29:68":6,"b:29:51:29:66:29:66:29:68":1,"s:30:29:30:Infinity":7,"f:30:42:30:50":3,"s:30:56:30:78":8,"b:30:56:30:76:30:76:30:78":2,"b:32:4:78:Infinity:undefined:undefined:undefined:undefined":3,"s:32:4:78:Infinity":9,"b:32:8:32:34:32:34:32:63":4,"s:33:6:33:Infinity":10,"b:36:6:55:Infinity:undefined:undefined:undefined:undefined":5,"s:36:6:55:Infinity":11,"s:37:8:37:Infinity":12,"s:38:8:38:Infinity":13,"s:39:8:39:Infinity":14,"s:41:8:52:Infinity":15,"f:41:20:41:29":4,"s:42:37:44:Infinity":16,"b:43:14:43:Infinity:44:14:44:Infinity":6,"s:46:27:46:Infinity":17,"b:46:27:46:57:46:57:46:Infinity":7,"s:47:27:49:Infinity":18,"b:48:14:48:Infinity:49:14:49:Infinity":8,"s:51:10:51:Infinity":19,"s:54:8:54:Infinity":20,"b:58:6:75:Infinity:undefined:undefined:undefined:undefined":9,"s:58:6:75:Infinity":21,"s:59:8:59:Infinity":22,"s:60:8:60:Infinity":23,"s:61:8:61:Infinity":24,"s:63:8:74:Infinity":25,"f:63:25:63:34":5,"s:64:37:66:Infinity":26,"b:65:14:65:Infinity:66:14:66:Infinity":10,"s:68:27:68:Infinity":27,"b:68:27:68:57:68:57:68:Infinity":11,"s:69:27:71:Infinity":28,"b:70:14:70:Infinity:71:14:71:Infinity":12,"s:73:10:73:Infinity":29,"s:77:6:77:Infinity":30,"s:81:30:81:Infinity":31,"b:82:4:96:Infinity:undefined:undefined:undefined:undefined":13,"s:82:4:96:Infinity":32,"b:82:8:82:24:82:24:82:57":14,"s:83:6:83:Infinity":33,"s:86:6:86:Infinity":34,"s:87:6:87:Infinity":35,"s:90:6:93:Infinity":36,"f:90:31:90:39":6,"s:91:25:91:Infinity":37,"b:91:25:91:62:91:62:91:Infinity":15,"s:92:8:92:Infinity":38,"s:95:6:95:Infinity":39,"s:98:22:98:Infinity":40,"b:99:4:101:Infinity:undefined:undefined:undefined:undefined":16,"s:99:4:101:Infinity":41,"s:100:6:100:Infinity":42,"s:103:4:103:Infinity":43,"f:107:9:107:Infinity":7,"b:112:2:112:Infinity:undefined:undefined:undefined:undefined":17,"s:112:2:112:Infinity":44,"s:112:26:112:Infinity":45,"s:115:2:115:Infinity":46,"f:115:8:115:14":8,"s:115:23:115:28":47,"s:118:27:118:Infinity":48,"s:119:19:119:Infinity":49,"s:120:17:120:Infinity":50,"s:122:2:133:Infinity":51,"s:122:15:122:18":52,"b:123:4:132:Infinity:125:11:132:Infinity":18,"s:123:4:132:Infinity":53,"s:124:6:124:Infinity":54,"b:126:6:130:Infinity:128:13:130:Infinity":19,"s:126:6:130:Infinity":55,"s:127:8:127:Infinity":56,"s:129:8:129:Infinity":57,"s:131:6:131:Infinity":58,"b:136:2:140:Infinity:138:9:140:Infinity":20,"s:136:2:140:Infinity":59,"s:137:4:137:Infinity":60,"s:139:4:139:Infinity":61,"b:143:2:147:Infinity:145:9:147:Infinity":21,"s:143:2:147:Infinity":62,"s:144:4:144:Infinity":63,"s:146:4:146:Infinity":64},"fnNames":{}}}
,"/Users/subhashmahimaluri/projects/vite-pr-coverage-insight/packages/core/src/generateReport.ts": {"path":"/Users/subhashmahimaluri/projects/vite-pr-coverage-insight/packages/core/src/generateReport.ts","statementMap":{"0":{"start":{"line":21,"column":56},"end":{"line":21,"column":null}},"1":{"start":{"line":22,"column":43},"end":{"line":22,"column":null}},"2":{"start":{"line":23,"column":2},"end":{"line":23,"column":null}},"3":{"start":{"line":25,"column":2},"end":{"line":44,"column":null}},"4":{"start":{"line":27,"column":4},"end":{"line":27,"column":null}},"5":{"start":{"line":30,"column":4},"end":{"line":30,"column":null}},"6":{"start":{"line":32,"column":4},"end":{"line":32,"column":null}},"7":{"start":{"line":34,"column":4},"end":{"line":42,"column":null}},"8":{"start":{"line":35,"column":6},"end":{"line":41,"column":null}},"9":{"start":{"line":35,"column":72},"end":{"line":41,"column":8}},"10":{"start":{"line":47,"column":2},"end":{"line":47,"column":null}}},"fnMap":{"0":{"name":"generateCoverageReport","decl":{"start":{"line":14,"column":16},"end":{"line":14,"column":null}},"loc":{"start":{"line":20,"column":10},"end":{"line":48,"column":null}},"line":20},"1":{"name":"(anonymous_1)","decl":{"start":{"line":35,"column":47},"end":{"line":35,"column":52}},"loc":{"start":{"line":35,"column":72},"end":{"line":41,"column":8}},"line":35}},"branchMap":{"0":{"loc":{"start":{"line":23,"column":18},"end":{"line":23,"column":null}},"type":"binary-expr","locations":[{"start":{"line":23,"column":18},"end":{"line":23,"column":35}},{"start":{"line":23,"column":35},"end":{"line":23,"column":null}}],"line":23},"1":{"loc":{"start":{"line":25,"column":2},"end":{"line":44,"column":null}},"type":"if","locations":[{"start":{"line":25,"column":2},"end":{"line":44,"column":null}},{"start":{"line":31,"column":9},"end":{"line":44,"column":null}}],"line":25},"2":{"loc":{"start":{"line":25,"column":6},"end":{"line":25,"column":18}},"type":"binary-expr","locations":[{"start":{"line":25,"column":6},"end":{"line":25,"column":14}},{"start":{"line":25,"column":14},"end":{"line":25,"column":18}}],"line":25},"3":{"loc":{"start":{"line":34,"column":4},"end":{"line":42,"column":null}},"type":"if","locations":[{"start":{"line":34,"column":4},"end":{"line":42,"column":null}},{"start":{},"end":{}}],"line":34}},"s":{"0":13,"1":13,"2":13,"3":13,"4":11,"5":11,"6":2,"7":2,"8":1,"9":4,"10":13},"f":{"0":13,"1":4},"b":{"0":[13,12],"1":[11,2],"2":[13,12],"3":[1,1]},"meta":{"lastBranch":4,"lastFunction":2,"lastStatement":11,"seen":{"f:14:16:14:Infinity":0,"s:21:56:21:Infinity":0,"s:22:43:22:Infinity":1,"s:23:2:23:Infinity":2,"b:23:18:23:35:23:35:23:Infinity":0,"b:25:2:44:Infinity:31:9:44:Infinity":1,"s:25:2:44:Infinity":3,"b:25:6:25:14:25:14:25:18":2,"s:27:4:27:Infinity":4,"s:30:4:30:Infinity":5,"s:32:4:32:Infinity":6,"b:34:4:42:Infinity:undefined:undefined:undefined:undefined":3,"s:34:4:42:Infinity":7,"s:35:6:41:Infinity":8,"f:35:47:35:52":1,"s:35:72:41:8":9,"s:47:2:47:Infinity":10},"fnNames":{}}}
,"/Users/subhashmahimaluri/projects/vite-pr-coverage-insight/packages/core/src/index.ts": {"path":"/Users/subhashmahimaluri/projects/vite-pr-coverage-insight/packages/core/src/index.ts","statementMap":{},"fnMap":{},"branchMap":{},"s":{},"f":{},"b":{},"meta":{"lastBranch":0,"lastFunction":0,"lastStatement":0,"seen":{},"fnNames":{}}}
,"/Users/subhashmahimaluri/projects/vite-pr-coverage-insight/packages/core/src/types.ts": {"path":"/Users/subhashmahimaluri/projects/vite-pr-coverage-insight/packages/core/src/types.ts","statementMap":{},"fnMap":{},"branchMap":{},"s":{},"f":{},"b":{},"meta":{"lastBranch":0,"lastFunction":0,"lastStatement":0,"seen":{},"fnNames":{}}}
}
